Number of threads: 1
FW_SR,1024,128,0.7581
FW_SR,2048,128,5.5716
FW_SR,4096,128,42.7871
Number of threads: 2
FW_SR,1024,128,0.4848
FW_SR,2048,128,3.2331
FW_SR,4096,128,23.0574
Number of threads: 4
FW_SR,1024,128,0.4380
FW_SR,2048,128,2.6162
FW_SR,4096,128,16.1039
Number of threads: 8
FW_SR,1024,128,0.4532
FW_SR,2048,128,2.4799
FW_SR,4096,128,13.8436
Number of threads: 16
FW_SR,1024,128,0.4974
FW_SR,2048,128,2.4238
FW_SR,4096,128,13.5599
Number of threads: 32
FW_SR,1024,128,0.4747
FW_SR,2048,128,2.6190
FW_SR,4096,128,14.2860
Number of threads: 64
FW_SR,1024,128,0.4741
FW_SR,2048,128,2.6378
FW_SR,4096,128,15.6007
