Number of threads: 1
FW_SR,1024,64,0.7791
FW_SR,2048,64,6.1380
FW_SR,4096,64,48.8290
Number of threads: 2
FW_SR,1024,64,0.4457
FW_SR,2048,64,3.3026
FW_SR,4096,64,25.3521
Number of threads: 4
FW_SR,1024,64,0.3719
FW_SR,2048,64,2.5097
FW_SR,4096,64,16.8457
Number of threads: 8
FW_SR,1024,64,0.3349
FW_SR,2048,64,2.0371
FW_SR,4096,64,12.4394
Number of threads: 16
FW_SR,1024,64,0.3992
FW_SR,2048,64,2.0179
FW_SR,4096,64,11.4688
Number of threads: 32
FW_SR,1024,64,0.4027
FW_SR,2048,64,2.3731
FW_SR,4096,64,13.0300
Number of threads: 64
FW_SR,1024,64,0.5673
FW_SR,2048,64,3.1231
FW_SR,4096,64,17.9885
