Number of threads: 1
FW_TILED,1024,64,0.7006
FW_TILED,2048,64,5.5507
FW_TILED,4096,64,44.3919
Number of threads: 2
FW_TILED,1024,64,0.3791
FW_TILED,2048,64,2.8766
FW_TILED,4096,64,22.5417
Number of threads: 4
FW_TILED,1024,64,0.1946
FW_TILED,2048,64,1.4479
FW_TILED,4096,64,11.2831
Number of threads: 8
FW_TILED,1024,64,0.1039
FW_TILED,2048,64,0.7344
FW_TILED,4096,64,5.6714
Number of threads: 16
FW_TILED,1024,64,0.0686
FW_TILED,2048,64,0.3981
FW_TILED,4096,64,3.0015
Number of threads: 32
FW_TILED,1024,64,0.0700
FW_TILED,2048,64,0.2387
FW_TILED,4096,64,1.5395
Number of threads: 64
FW_TILED,1024,64,0.0914
FW_TILED,2048,64,0.2808
FW_TILED,4096,64,1.4514
