Number of threads: 1
FW_TILED,1024,128,0.7067
FW_TILED,2048,128,5.1488
FW_TILED,4096,128,38.9918
Number of threads: 2
FW_TILED,1024,128,0.4173
FW_TILED,2048,128,2.7795
FW_TILED,4096,128,20.1835
Number of threads: 4
FW_TILED,1024,128,0.2270
FW_TILED,2048,128,1.4291
FW_TILED,4096,128,10.2127
Number of threads: 8
FW_TILED,1024,128,0.1369
FW_TILED,2048,128,0.7525
FW_TILED,4096,128,5.1775
Number of threads: 16
FW_TILED,1024,128,0.1360
FW_TILED,2048,128,0.4647
FW_TILED,4096,128,2.7643
Number of threads: 32
FW_TILED,1024,128,0.1369
FW_TILED,2048,128,0.4674
FW_TILED,4096,128,1.5944
Number of threads: 64
FW_TILED,1024,128,0.1584
FW_TILED,2048,128,0.5019
FW_TILED,4096,128,1.6523
