make -C common clean
make[1]: Entering directory `/home/parallel/parlab02/pps/lab4/dmm-skeleton/common'
/bin/rm -f  *.o *.s *~
make[1]: Leaving directory `/home/parallel/parlab02/pps/lab4/dmm-skeleton/common'
make -C cuda clean
make[1]: Entering directory `/home/parallel/parlab02/pps/lab4/dmm-skeleton/cuda'
/bin/rm -f dmm_main dmm.o dmm_gpu.o dmm_main.o gpu_util.o mat_util.o
make[1]: Leaving directory `/home/parallel/parlab02/pps/lab4/dmm-skeleton/cuda'
make -C common 
make[1]: Entering directory `/home/parallel/parlab02/pps/lab4/dmm-skeleton/common'
cc  -DNDEBUG -c -Wall -std=gnu99 -O3 -c -o alloc.o alloc.c
cc  -DNDEBUG -c -Wall -std=gnu99 -O3 -c -o error.o error.c
make[1]: Leaving directory `/home/parallel/parlab02/pps/lab4/dmm-skeleton/common'
make -C cuda 
make[1]: Entering directory `/home/parallel/parlab02/pps/lab4/dmm-skeleton/cuda'
cc -D__FLOAT_VALUES -DEPS=1e-5 -I../common -DNDEBUG -c -Wall -std=gnu99 -O3 -o dmm.o dmm.c
/usr/local/cuda/bin/nvcc -D__FLOAT_VALUES -DEPS=1e-5 -I../common -DNDEBUG -I/usr/local/cuda/include -D_CHECK_ -c -ccbin gcc -arch sm_35 -O3 --ptxas-options=-v -DGPU_KERNEL=0 -o dmm_gpu.o dmm_gpu.cu
/usr/local/cuda/bin/nvcc -D__FLOAT_VALUES -DEPS=1e-5 -I../common -DNDEBUG -I/usr/local/cuda/include -D_CHECK_ -c -ccbin gcc -arch sm_35 -O3 --ptxas-options=-v -DGPU_KERNEL=0 -o dmm_main.o dmm_main.cu
/usr/local/cuda/bin/nvcc -D__FLOAT_VALUES -DEPS=1e-5 -I../common -DNDEBUG -I/usr/local/cuda/include -D_CHECK_ -c -ccbin gcc -arch sm_35 -O3 --ptxas-options=-v -DGPU_KERNEL=0 -o gpu_util.o gpu_util.cu
cc -D__FLOAT_VALUES -DEPS=1e-5 -I../common -DNDEBUG -c -Wall -std=gnu99 -O3 -o mat_util.o mat_util.c
/usr/local/cuda/bin/nvcc -o dmm_main -L../common  ../common/alloc.o  ../common/error.o dmm.o dmm_gpu.o dmm_main.o gpu_util.o mat_util.o -L/usr/local/cuda/lib64 -lcudart -lcublas -lm
make[1]: Leaving directory `/home/parallel/parlab02/pps/lab4/dmm-skeleton/cuda'
Benchmark started on Wed Mar  4 15:49:59 EET 2020 in dungani
/bin/rm -f dmm_main dmm.o dmm_gpu.o dmm_main.o gpu_util.o mat_util.o
cc -D__FLOAT_VALUES -DEPS=1e-5 -I../common -DNDEBUG -c -Wall -std=gnu99 -O3 -o dmm.o dmm.c
/usr/local/cuda/bin/nvcc -D__FLOAT_VALUES -DEPS=1e-5 -I../common -DNDEBUG -I/usr/local/cuda/include -D_CHECK_ -c -ccbin gcc -arch sm_35 -O3 --ptxas-options=-v -DGPU_KERNEL=3 -o dmm_gpu.o dmm_gpu.cu
/usr/local/cuda/bin/nvcc -D__FLOAT_VALUES -DEPS=1e-5 -I../common -DNDEBUG -I/usr/local/cuda/include -D_CHECK_ -c -ccbin gcc -arch sm_35 -O3 --ptxas-options=-v -DGPU_KERNEL=3 -o dmm_main.o dmm_main.cu
/usr/local/cuda/bin/nvcc -D__FLOAT_VALUES -DEPS=1e-5 -I../common -DNDEBUG -I/usr/local/cuda/include -D_CHECK_ -c -ccbin gcc -arch sm_35 -O3 --ptxas-options=-v -DGPU_KERNEL=3 -o gpu_util.o gpu_util.cu
cc -D__FLOAT_VALUES -DEPS=1e-5 -I../common -DNDEBUG -c -Wall -std=gnu99 -O3 -o mat_util.o mat_util.c
/usr/local/cuda/bin/nvcc -o dmm_main -L../common  ../common/alloc.o  ../common/error.o dmm.o dmm_gpu.o dmm_main.o gpu_util.o mat_util.o -L/usr/local/cuda/lib64 -lcudart -lcublas -lm
Dimension M: 256
Adjusted dimension M: 256
Dimension N: 256
Adjusted dimension N: 256
Dimension K: 256
Adjusted dimension K: 256
>>>> Begin of record <<<<
Block dimensions: 32x32
Grid dimensions : 8x8
GPU kernel version: cublas
Checking ... PASSED!
Elapsed time: 168.541183 ms
Performance:  19.908744 Gflop/s
>>>> End of record <<<<
Dimension M: 256
Adjusted dimension M: 256
Dimension N: 256
Adjusted dimension N: 256
Dimension K: 512
Adjusted dimension K: 512
>>>> Begin of record <<<<
Block dimensions: 32x32
Grid dimensions : 8x8
GPU kernel version: cublas
Checking ... PASSED!
Elapsed time: 159.542084 ms
Performance:  42.063425 Gflop/s
>>>> End of record <<<<
Dimension M: 256
Adjusted dimension M: 256
Dimension N: 256
Adjusted dimension N: 256
Dimension K: 1024
Adjusted dimension K: 1024
>>>> Begin of record <<<<
Block dimensions: 32x32
Grid dimensions : 8x8
GPU kernel version: cublas
Checking ... FAILED!
Elapsed time: 160.948639 ms
Performance:  83.391651 Gflop/s
>>>> End of record <<<<
Dimension M: 256
Adjusted dimension M: 256
Dimension N: 256
Adjusted dimension N: 256
Dimension K: 2048
Adjusted dimension K: 2048
>>>> Begin of record <<<<
Block dimensions: 32x32
Grid dimensions : 8x8
GPU kernel version: cublas
Checking ... FAILED!
Elapsed time: 177.903336 ms
Performance:  150.888377 Gflop/s
>>>> End of record <<<<
Dimension M: 256
Adjusted dimension M: 256
Dimension N: 512
Adjusted dimension N: 512
Dimension K: 256
Adjusted dimension K: 256
>>>> Begin of record <<<<
Block dimensions: 32x32
Grid dimensions : 16x8
GPU kernel version: cublas
Checking ... PASSED!
Elapsed time: 151.219330 ms
Performance:  44.378496 Gflop/s
>>>> End of record <<<<
Dimension M: 256
Adjusted dimension M: 256
Dimension N: 512
Adjusted dimension N: 512
Dimension K: 512
Adjusted dimension K: 512
>>>> Begin of record <<<<
Block dimensions: 32x32
Grid dimensions : 16x8
GPU kernel version: cublas
Checking ... FAILED!
Elapsed time: 163.201019 ms
Performance:  82.240741 Gflop/s
>>>> End of record <<<<
Dimension M: 256
Adjusted dimension M: 256
Dimension N: 512
Adjusted dimension N: 512
Dimension K: 1024
Adjusted dimension K: 1024
>>>> Begin of record <<<<
Block dimensions: 32x32
Grid dimensions : 16x8
GPU kernel version: cublas
Checking ... FAILED!
Elapsed time: 166.011581 ms
Performance:  161.696825 Gflop/s
>>>> End of record <<<<
Dimension M: 256
Adjusted dimension M: 256
Dimension N: 512
Adjusted dimension N: 512
Dimension K: 2048
Adjusted dimension K: 2048
>>>> Begin of record <<<<
Block dimensions: 32x32
Grid dimensions : 16x8
GPU kernel version: cublas
Checking ... FAILED!
Elapsed time: 230.472351 ms
Performance:  232.943739 Gflop/s
>>>> End of record <<<<
Dimension M: 256
Adjusted dimension M: 256
Dimension N: 1024
Adjusted dimension N: 1024
Dimension K: 256
Adjusted dimension K: 256
>>>> Begin of record <<<<
Block dimensions: 32x32
Grid dimensions : 32x8
GPU kernel version: cublas
Checking ... PASSED!
Elapsed time: 169.601761 ms
Performance:  79.136990 Gflop/s
>>>> End of record <<<<
Dimension M: 256
Adjusted dimension M: 256
Dimension N: 1024
Adjusted dimension N: 1024
Dimension K: 512
Adjusted dimension K: 512
>>>> Begin of record <<<<
Block dimensions: 32x32
Grid dimensions : 32x8
GPU kernel version: cublas
Checking ... PASSED!
Elapsed time: 160.829254 ms
Performance:  166.907107 Gflop/s
>>>> End of record <<<<
Dimension M: 256
Adjusted dimension M: 256
Dimension N: 1024
Adjusted dimension N: 1024
Dimension K: 1024
Adjusted dimension K: 1024
>>>> Begin of record <<<<
Block dimensions: 32x32
Grid dimensions : 32x8
GPU kernel version: cublas
Checking ... FAILED!
Elapsed time: 181.174118 ms
Performance:  296.328702 Gflop/s
>>>> End of record <<<<
Dimension M: 256
Adjusted dimension M: 256
Dimension N: 1024
Adjusted dimension N: 1024
Dimension K: 2048
Adjusted dimension K: 2048
>>>> Begin of record <<<<
Block dimensions: 32x32
Grid dimensions : 32x8
GPU kernel version: cublas
Checking ... FAILED!
Elapsed time: 901.138672 ms
Performance:  119.153895 Gflop/s
>>>> End of record <<<<
Dimension M: 256
Adjusted dimension M: 256
Dimension N: 2048
Adjusted dimension N: 2048
Dimension K: 256
Adjusted dimension K: 256
>>>> Begin of record <<<<
Block dimensions: 32x32
Grid dimensions : 64x8
GPU kernel version: cublas
Checking ... PASSED!
Elapsed time: 184.168549 ms
Performance:  145.755319 Gflop/s
>>>> End of record <<<<
Dimension M: 256
Adjusted dimension M: 256
Dimension N: 2048
Adjusted dimension N: 2048
Dimension K: 512
Adjusted dimension K: 512
>>>> Begin of record <<<<
Block dimensions: 32x32
Grid dimensions : 64x8
GPU kernel version: cublas
Checking ... FAILED!
Elapsed time: 175.822464 ms
Performance:  305.348304 Gflop/s
>>>> End of record <<<<
Dimension M: 256
Adjusted dimension M: 256
Dimension N: 2048
Adjusted dimension N: 2048
Dimension K: 1024
Adjusted dimension K: 1024
>>>> Begin of record <<<<
Block dimensions: 32x32
Grid dimensions : 64x8
GPU kernel version: cublas
Checking ... FAILED!
Elapsed time: 199.301025 ms
Performance:  538.753788 Gflop/s
>>>> End of record <<<<
Dimension M: 256
Adjusted dimension M: 256
Dimension N: 2048
Adjusted dimension N: 2048
Dimension K: 2048
Adjusted dimension K: 2048
>>>> Begin of record <<<<
Block dimensions: 32x32
Grid dimensions : 64x8
GPU kernel version: cublas
Checking ... FAILED!
Elapsed time: 248.448807 ms
Performance:  864.356596 Gflop/s
>>>> End of record <<<<
Dimension M: 512
Adjusted dimension M: 512
Dimension N: 256
Adjusted dimension N: 256
Dimension K: 256
Adjusted dimension K: 256
>>>> Begin of record <<<<
Block dimensions: 32x32
Grid dimensions : 8x16
GPU kernel version: cublas
Checking ... PASSED!
Elapsed time: 167.446945 ms
Performance:  40.077688 Gflop/s
>>>> End of record <<<<
Dimension M: 512
Adjusted dimension M: 512
Dimension N: 256
Adjusted dimension N: 256
Dimension K: 512
Adjusted dimension K: 512
>>>> Begin of record <<<<
Block dimensions: 32x32
Grid dimensions : 8x16
GPU kernel version: cublas
Checking ... FAILED!
Elapsed time: 158.439865 ms
Performance:  84.712094 Gflop/s
>>>> End of record <<<<
Dimension M: 512
Adjusted dimension M: 512
Dimension N: 256
Adjusted dimension N: 256
Dimension K: 1024
Adjusted dimension K: 1024
>>>> Begin of record <<<<
Block dimensions: 32x32
Grid dimensions : 8x16
GPU kernel version: cublas
Checking ... FAILED!
Elapsed time: 201.508606 ms
Performance:  133.212899 Gflop/s
>>>> End of record <<<<
Dimension M: 512
Adjusted dimension M: 512
Dimension N: 256
Adjusted dimension N: 256
Dimension K: 2048
Adjusted dimension K: 2048
>>>> Begin of record <<<<
Block dimensions: 32x32
Grid dimensions : 8x16
GPU kernel version: cublas
Checking ... FAILED!
Elapsed time: 188.467972 ms
Performance:  284.860556 Gflop/s
>>>> End of record <<<<
Dimension M: 512
Adjusted dimension M: 512
Dimension N: 512
Adjusted dimension N: 512
Dimension K: 256
Adjusted dimension K: 256
>>>> Begin of record <<<<
Block dimensions: 32x32
Grid dimensions : 16x16
GPU kernel version: cublas
Checking ... PASSED!
Elapsed time: 163.055130 ms
Performance:  82.314324 Gflop/s
>>>> End of record <<<<
Dimension M: 512
Adjusted dimension M: 512
Dimension N: 512
Adjusted dimension N: 512
Dimension K: 512
Adjusted dimension K: 512
>>>> Begin of record <<<<
Block dimensions: 32x32
Grid dimensions : 16x16
GPU kernel version: cublas
Checking ... FAILED!
Elapsed time: 169.802368 ms
Performance:  158.086992 Gflop/s
>>>> End of record <<<<
Dimension M: 512
Adjusted dimension M: 512
Dimension N: 512
Adjusted dimension N: 512
Dimension K: 1024
Adjusted dimension K: 1024
>>>> Begin of record <<<<
Block dimensions: 32x32
Grid dimensions : 16x16
GPU kernel version: cublas
Checking ... FAILED!
Elapsed time: 184.244003 ms
Performance:  291.391254 Gflop/s
>>>> End of record <<<<
Dimension M: 512
Adjusted dimension M: 512
Dimension N: 512
Adjusted dimension N: 512
Dimension K: 2048
Adjusted dimension K: 2048
>>>> Begin of record <<<<
Block dimensions: 32x32
Grid dimensions : 16x16
GPU kernel version: cublas
Checking ... FAILED!
Elapsed time: 218.151001 ms
Performance:  492.201191 Gflop/s
>>>> End of record <<<<
Dimension M: 512
Adjusted dimension M: 512
Dimension N: 1024
Adjusted dimension N: 1024
Dimension K: 256
Adjusted dimension K: 256
>>>> Begin of record <<<<
Block dimensions: 32x32
Grid dimensions : 32x16
GPU kernel version: cublas
Checking ... PASSED!
Elapsed time: 172.684830 ms
Performance:  155.448198 Gflop/s
>>>> End of record <<<<
Dimension M: 512
Adjusted dimension M: 512
Dimension N: 1024
Adjusted dimension N: 1024
Dimension K: 512
Adjusted dimension K: 512
>>>> Begin of record <<<<
Block dimensions: 32x32
Grid dimensions : 32x16
GPU kernel version: cublas
Checking ... FAILED!
Elapsed time: 193.674561 ms
Performance:  277.202597 Gflop/s
>>>> End of record <<<<
Dimension M: 512
Adjusted dimension M: 512
Dimension N: 1024
Adjusted dimension N: 1024
Dimension K: 1024
Adjusted dimension K: 1024
>>>> Begin of record <<<<
Block dimensions: 32x32
Grid dimensions : 32x16
GPU kernel version: cublas
Checking ... FAILED!
Elapsed time: 212.008453 ms
Performance:  506.461798 Gflop/s
>>>> End of record <<<<
Dimension M: 512
Adjusted dimension M: 512
Dimension N: 1024
Adjusted dimension N: 1024
Dimension K: 2048
Adjusted dimension K: 2048
>>>> Begin of record <<<<
Block dimensions: 32x32
Grid dimensions : 32x16
GPU kernel version: cublas
Checking ... FAILED!
Elapsed time: 266.733948 ms
Performance:  805.103237 Gflop/s
>>>> End of record <<<<
Dimension M: 512
Adjusted dimension M: 512
Dimension N: 2048
Adjusted dimension N: 2048
Dimension K: 256
Adjusted dimension K: 256
>>>> Begin of record <<<<
Block dimensions: 32x32
Grid dimensions : 64x16
GPU kernel version: cublas
Checking ... PASSED!
Elapsed time: 187.332870 ms
Performance:  286.586604 Gflop/s
>>>> End of record <<<<
Dimension M: 512
Adjusted dimension M: 512
Dimension N: 2048
Adjusted dimension N: 2048
Dimension K: 512
Adjusted dimension K: 512
>>>> Begin of record <<<<
Block dimensions: 32x32
Grid dimensions : 64x16
GPU kernel version: cublas
Checking ... FAILED!
Elapsed time: 205.152130 ms
Performance:  523.388094 Gflop/s
>>>> End of record <<<<
Dimension M: 512
Adjusted dimension M: 512
Dimension N: 2048
Adjusted dimension N: 2048
Dimension K: 1024
Adjusted dimension K: 1024
>>>> Begin of record <<<<
Block dimensions: 32x32
Grid dimensions : 64x16
GPU kernel version: cublas
Checking ... FAILED!
Elapsed time: 247.742630 ms
Performance:  866.820397 Gflop/s
>>>> End of record <<<<
Dimension M: 512
Adjusted dimension M: 512
Dimension N: 2048
Adjusted dimension N: 2048
Dimension K: 2048
Adjusted dimension K: 2048
>>>> Begin of record <<<<
Block dimensions: 32x32
Grid dimensions : 64x16
GPU kernel version: cublas
Checking ... FAILED!
Elapsed time: 337.287872 ms
Performance:  1273.383258 Gflop/s
>>>> End of record <<<<
Dimension M: 1024
Adjusted dimension M: 1024
Dimension N: 256
Adjusted dimension N: 256
Dimension K: 256
Adjusted dimension K: 256
>>>> Begin of record <<<<
Block dimensions: 32x32
Grid dimensions : 8x32
GPU kernel version: cublas
Checking ... PASSED!
Elapsed time: 166.771805 ms
Performance:  80.479868 Gflop/s
>>>> End of record <<<<
Dimension M: 1024
Adjusted dimension M: 1024
Dimension N: 256
Adjusted dimension N: 256
Dimension K: 512
Adjusted dimension K: 512
>>>> Begin of record <<<<
Block dimensions: 32x32
Grid dimensions : 8x32
GPU kernel version: cublas
Checking ... PASSED!
Elapsed time: 173.051712 ms
Performance:  155.118636 Gflop/s
>>>> End of record <<<<
Dimension M: 1024
Adjusted dimension M: 1024
Dimension N: 256
Adjusted dimension N: 256
Dimension K: 1024
Adjusted dimension K: 1024
>>>> Begin of record <<<<
Block dimensions: 32x32
Grid dimensions : 8x32
GPU kernel version: cublas
Checking ... FAILED!
Elapsed time: 196.781403 ms
Performance:  272.826042 Gflop/s
>>>> End of record <<<<
Dimension M: 1024
Adjusted dimension M: 1024
Dimension N: 256
Adjusted dimension N: 256
Dimension K: 2048
Adjusted dimension K: 2048
>>>> Begin of record <<<<
Block dimensions: 32x32
Grid dimensions : 8x32
GPU kernel version: cublas
Checking ... FAILED!
Elapsed time: 234.988510 ms
Performance:  456.933755 Gflop/s
>>>> End of record <<<<
Dimension M: 1024
Adjusted dimension M: 1024
Dimension N: 512
Adjusted dimension N: 512
Dimension K: 256
Adjusted dimension K: 256
>>>> Begin of record <<<<
Block dimensions: 32x32
Grid dimensions : 16x32
GPU kernel version: cublas
Checking ... PASSED!
Elapsed time: 191.464645 ms
Performance:  140.201057 Gflop/s
>>>> End of record <<<<
Dimension M: 1024
Adjusted dimension M: 1024
Dimension N: 512
Adjusted dimension N: 512
Dimension K: 512
Adjusted dimension K: 512
>>>> Begin of record <<<<
Block dimensions: 32x32
Grid dimensions : 16x32
GPU kernel version: cublas
Checking ... FAILED!
Elapsed time: 169.764481 ms
Performance:  316.244547 Gflop/s
>>>> End of record <<<<
Dimension M: 1024
Adjusted dimension M: 1024
Dimension N: 512
Adjusted dimension N: 512
Dimension K: 1024
Adjusted dimension K: 1024
>>>> Begin of record <<<<
Block dimensions: 32x32
Grid dimensions : 16x32
GPU kernel version: cublas
Checking ... FAILED!
Elapsed time: 201.994659 ms
Performance:  531.569412 Gflop/s
>>>> End of record <<<<
Dimension M: 1024
Adjusted dimension M: 1024
Dimension N: 512
Adjusted dimension N: 512
Dimension K: 2048
Adjusted dimension K: 2048
>>>> Begin of record <<<<
Block dimensions: 32x32
Grid dimensions : 16x32
GPU kernel version: cublas
Checking ... FAILED!
Elapsed time: 286.131287 ms
Performance:  750.523885 Gflop/s
>>>> End of record <<<<
Dimension M: 1024
Adjusted dimension M: 1024
Dimension N: 1024
Adjusted dimension N: 1024
Dimension K: 256
Adjusted dimension K: 256
>>>> Begin of record <<<<
Block dimensions: 32x32
Grid dimensions : 32x32
GPU kernel version: cublas
Checking ... PASSED!
Elapsed time: 172.132477 ms
Performance:  311.894026 Gflop/s
>>>> End of record <<<<
Dimension M: 1024
Adjusted dimension M: 1024
Dimension N: 1024
Adjusted dimension N: 1024
Dimension K: 512
Adjusted dimension K: 512
>>>> Begin of record <<<<
Block dimensions: 32x32
Grid dimensions : 32x32
GPU kernel version: cublas
Checking ... FAILED!
Elapsed time: 217.297668 ms
Performance:  494.134075 Gflop/s
>>>> End of record <<<<
Dimension M: 1024
Adjusted dimension M: 1024
Dimension N: 1024
Adjusted dimension N: 1024
Dimension K: 1024
Adjusted dimension K: 1024
>>>> Begin of record <<<<
Block dimensions: 32x32
Grid dimensions : 32x32
GPU kernel version: cublas
Checking ... FAILED!
Elapsed time: 247.339523 ms
Performance:  868.233115 Gflop/s
>>>> End of record <<<<
Dimension M: 1024
Adjusted dimension M: 1024
Dimension N: 1024
Adjusted dimension N: 1024
Dimension K: 2048
Adjusted dimension K: 2048
>>>> Begin of record <<<<
Block dimensions: 32x32
Grid dimensions : 32x32
GPU kernel version: cublas
Checking ... FAILED!
Elapsed time: 355.272125 ms
Performance:  1208.923242 Gflop/s
>>>> End of record <<<<
Dimension M: 1024
Adjusted dimension M: 1024
Dimension N: 2048
Adjusted dimension N: 2048
Dimension K: 256
Adjusted dimension K: 256
>>>> Begin of record <<<<
Block dimensions: 32x32
Grid dimensions : 64x32
GPU kernel version: cublas
Checking ... PASSED!
Elapsed time: 233.789383 ms
Performance:  459.277411 Gflop/s
>>>> End of record <<<<
Dimension M: 1024
Adjusted dimension M: 1024
Dimension N: 2048
Adjusted dimension N: 2048
Dimension K: 512
Adjusted dimension K: 512
>>>> Begin of record <<<<
Block dimensions: 32x32
Grid dimensions : 64x32
GPU kernel version: cublas
Checking ... FAILED!
Elapsed time: 233.623489 ms
Performance:  919.207077 Gflop/s
>>>> End of record <<<<
Dimension M: 1024
Adjusted dimension M: 1024
Dimension N: 2048
Adjusted dimension N: 2048
Dimension K: 1024
Adjusted dimension K: 1024
>>>> Begin of record <<<<
Block dimensions: 32x32
Grid dimensions : 64x32
GPU kernel version: cublas
Checking ... FAILED!
Elapsed time: 336.922668 ms
Performance:  1274.763528 Gflop/s
>>>> End of record <<<<
Dimension M: 1024
Adjusted dimension M: 1024
Dimension N: 2048
Adjusted dimension N: 2048
Dimension K: 2048
Adjusted dimension K: 2048
>>>> Begin of record <<<<
Block dimensions: 32x32
Grid dimensions : 64x32
GPU kernel version: cublas
Checking ... FAILED!
Elapsed time: 454.186401 ms
Performance:  1891.279564 Gflop/s
>>>> End of record <<<<
Dimension M: 2048
Adjusted dimension M: 2048
Dimension N: 256
Adjusted dimension N: 256
Dimension K: 256
Adjusted dimension K: 256
>>>> Begin of record <<<<
Block dimensions: 32x32
Grid dimensions : 8x64
GPU kernel version: cublas
Checking ... PASSED!
Elapsed time: 173.968933 ms
Performance:  154.300800 Gflop/s
>>>> End of record <<<<
Dimension M: 2048
Adjusted dimension M: 2048
Dimension N: 256
Adjusted dimension N: 256
Dimension K: 512
Adjusted dimension K: 512
>>>> Begin of record <<<<
Block dimensions: 32x32
Grid dimensions : 8x64
GPU kernel version: cublas
Checking ... FAILED!
Elapsed time: 200.747589 ms
Performance:  267.435796 Gflop/s
>>>> End of record <<<<
Dimension M: 2048
Adjusted dimension M: 2048
Dimension N: 256
Adjusted dimension N: 256
Dimension K: 1024
Adjusted dimension K: 1024
>>>> Begin of record <<<<
Block dimensions: 32x32
Grid dimensions : 8x64
GPU kernel version: cublas
Checking ... FAILED!
Elapsed time: 214.410522 ms
Performance:  500.787840 Gflop/s
>>>> End of record <<<<
Dimension M: 2048
Adjusted dimension M: 2048
Dimension N: 256
Adjusted dimension N: 256
Dimension K: 2048
Adjusted dimension K: 2048
>>>> Begin of record <<<<
Block dimensions: 32x32
Grid dimensions : 8x64
GPU kernel version: cublas
Checking ... FAILED!
Elapsed time: 264.511414 ms
Performance:  811.868047 Gflop/s
>>>> End of record <<<<
Dimension M: 2048
Adjusted dimension M: 2048
Dimension N: 512
Adjusted dimension N: 512
Dimension K: 256
Adjusted dimension K: 256
>>>> Begin of record <<<<
Block dimensions: 32x32
Grid dimensions : 16x64
GPU kernel version: cublas
Checking ... PASSED!
Elapsed time: 191.409561 ms
Performance:  280.482808 Gflop/s
>>>> End of record <<<<
Dimension M: 2048
Adjusted dimension M: 2048
Dimension N: 512
Adjusted dimension N: 512
Dimension K: 512
Adjusted dimension K: 512
>>>> Begin of record <<<<
Block dimensions: 32x32
Grid dimensions : 16x64
GPU kernel version: cublas
Checking ... FAILED!
Elapsed time: 220.713760 ms
Performance:  486.486127 Gflop/s
>>>> End of record <<<<
Dimension M: 2048
Adjusted dimension M: 2048
Dimension N: 512
Adjusted dimension N: 512
Dimension K: 1024
Adjusted dimension K: 1024
>>>> Begin of record <<<<
Block dimensions: 32x32
Grid dimensions : 16x64
GPU kernel version: cublas
Checking ... FAILED!
Elapsed time: 245.380417 ms
Performance:  875.165050 Gflop/s
>>>> End of record <<<<
Dimension M: 2048
Adjusted dimension M: 2048
Dimension N: 512
Adjusted dimension N: 512
Dimension K: 2048
Adjusted dimension K: 2048
>>>> Begin of record <<<<
Block dimensions: 32x32
Grid dimensions : 16x64
GPU kernel version: cublas
Checking ... FAILED!
Elapsed time: 346.569092 ms
Performance:  1239.281689 Gflop/s
>>>> End of record <<<<
Dimension M: 2048
Adjusted dimension M: 2048
Dimension N: 1024
Adjusted dimension N: 1024
Dimension K: 256
Adjusted dimension K: 256
>>>> Begin of record <<<<
Block dimensions: 32x32
Grid dimensions : 32x64
GPU kernel version: cublas
Checking ... PASSED!
Elapsed time: 192.441467 ms
Performance:  557.957616 Gflop/s
>>>> End of record <<<<
Dimension M: 2048
Adjusted dimension M: 2048
Dimension N: 1024
Adjusted dimension N: 1024
Dimension K: 512
Adjusted dimension K: 512
>>>> Begin of record <<<<
Block dimensions: 32x32
Grid dimensions : 32x64
GPU kernel version: cublas
Checking ... FAILED!
Elapsed time: 245.084442 ms
Performance:  876.221938 Gflop/s
>>>> End of record <<<<
Dimension M: 2048
Adjusted dimension M: 2048
Dimension N: 1024
Adjusted dimension N: 1024
Dimension K: 1024
Adjusted dimension K: 1024
>>>> Begin of record <<<<
Block dimensions: 32x32
Grid dimensions : 32x64
GPU kernel version: cublas
Checking ... FAILED!
Elapsed time: 307.985443 ms
Performance:  1394.535811 Gflop/s
>>>> End of record <<<<
Dimension M: 2048
Adjusted dimension M: 2048
Dimension N: 1024
Adjusted dimension N: 1024
Dimension K: 2048
Adjusted dimension K: 2048
>>>> Begin of record <<<<
Block dimensions: 32x32
Grid dimensions : 32x64
GPU kernel version: cublas
Checking ... FAILED!
Elapsed time: 442.941071 ms
Performance:  1939.295126 Gflop/s
>>>> End of record <<<<
Dimension M: 2048
Adjusted dimension M: 2048
Dimension N: 2048
Adjusted dimension N: 2048
Dimension K: 256
Adjusted dimension K: 256
>>>> Begin of record <<<<
Block dimensions: 32x32
Grid dimensions : 64x64
GPU kernel version: cublas
Checking ... FAILED!
Elapsed time: 253.779358 ms
Performance:  846.201072 Gflop/s
>>>> End of record <<<<
Dimension M: 2048
Adjusted dimension M: 2048
Dimension N: 2048
Adjusted dimension N: 2048
Dimension K: 512
Adjusted dimension K: 512
>>>> Begin of record <<<<
Block dimensions: 32x32
Grid dimensions : 64x64
GPU kernel version: cublas
Checking ... FAILED!
Elapsed time: 323.369507 ms
Performance:  1328.191807 Gflop/s
>>>> End of record <<<<
Dimension M: 2048
Adjusted dimension M: 2048
Dimension N: 2048
Adjusted dimension N: 2048
Dimension K: 1024
Adjusted dimension K: 1024
>>>> Begin of record <<<<
Block dimensions: 32x32
Grid dimensions : 64x64
GPU kernel version: cublas
Checking ... FAILED!
Elapsed time: 465.681610 ms
Performance:  1844.593904 Gflop/s
>>>> End of record <<<<
Dimension M: 2048
Adjusted dimension M: 2048
Dimension N: 2048
Adjusted dimension N: 2048
Dimension K: 2048
Adjusted dimension K: 2048
>>>> Begin of record <<<<
Block dimensions: 32x32
Grid dimensions : 64x64
GPU kernel version: cublas
Checking ... FAILED!
Elapsed time: 741.215576 ms
Performance:  2317.796568 Gflop/s
>>>> End of record <<<<
Benchmark ended on Wed Mar  4 15:59:57 EET 2020 in dungani
