make -C common clean
make[1]: Entering directory `/home/parallel/parlab02/pps/lab4/dmm-skeleton/common'
/bin/rm -f  *.o *.s *~
make[1]: Leaving directory `/home/parallel/parlab02/pps/lab4/dmm-skeleton/common'
make -C cuda clean
make[1]: Entering directory `/home/parallel/parlab02/pps/lab4/dmm-skeleton/cuda'
/bin/rm -f dmm_main dmm.o dmm_gpu.o dmm_main.o gpu_util.o mat_util.o
make[1]: Leaving directory `/home/parallel/parlab02/pps/lab4/dmm-skeleton/cuda'
make -C common 
make[1]: Entering directory `/home/parallel/parlab02/pps/lab4/dmm-skeleton/common'
cc  -DNDEBUG -c -Wall -std=gnu99 -O3 -c -o alloc.o alloc.c
cc  -DNDEBUG -c -Wall -std=gnu99 -O3 -c -o error.o error.c
make[1]: Leaving directory `/home/parallel/parlab02/pps/lab4/dmm-skeleton/common'
make -C cuda 
make[1]: Entering directory `/home/parallel/parlab02/pps/lab4/dmm-skeleton/cuda'
cc -D__FLOAT_VALUES -DEPS=1e-5 -I../common -DNDEBUG -c -Wall -std=gnu99 -O3 -o dmm.o dmm.c
/usr/local/cuda/bin/nvcc -D__FLOAT_VALUES -DEPS=1e-5 -I../common -DNDEBUG -I/usr/local/cuda/include -D_CHECK_ -c -ccbin gcc -arch sm_35 -O3 --ptxas-options=-v -DGPU_KERNEL=0 -o dmm_gpu.o dmm_gpu.cu
/usr/local/cuda/bin/nvcc -D__FLOAT_VALUES -DEPS=1e-5 -I../common -DNDEBUG -I/usr/local/cuda/include -D_CHECK_ -c -ccbin gcc -arch sm_35 -O3 --ptxas-options=-v -DGPU_KERNEL=0 -o dmm_main.o dmm_main.cu
/usr/local/cuda/bin/nvcc -D__FLOAT_VALUES -DEPS=1e-5 -I../common -DNDEBUG -I/usr/local/cuda/include -D_CHECK_ -c -ccbin gcc -arch sm_35 -O3 --ptxas-options=-v -DGPU_KERNEL=0 -o gpu_util.o gpu_util.cu
cc -D__FLOAT_VALUES -DEPS=1e-5 -I../common -DNDEBUG -c -Wall -std=gnu99 -O3 -o mat_util.o mat_util.c
/usr/local/cuda/bin/nvcc -o dmm_main -L../common  ../common/alloc.o  ../common/error.o dmm.o dmm_gpu.o dmm_main.o gpu_util.o mat_util.o -L/usr/local/cuda/lib64 -lcudart -lcublas -lm
make[1]: Leaving directory `/home/parallel/parlab02/pps/lab4/dmm-skeleton/cuda'
Benchmark started on Wed Mar  4 21:43:55 EET 2020 in dungani
/bin/rm -f dmm_main dmm.o dmm_gpu.o dmm_main.o gpu_util.o mat_util.o
cc -D__FLOAT_VALUES -DEPS=1e-5 -I../common -DTHREAD_BLOCK_X=32 -DTHREAD_BLOCK_Y=32 -DTILE_X=32 -DNDEBUG -c -Wall -std=gnu99 -O3 -o dmm.o dmm.c
/usr/local/cuda/bin/nvcc -D__FLOAT_VALUES -DEPS=1e-5 -I../common -DTHREAD_BLOCK_X=32 -DTHREAD_BLOCK_Y=32 -DTILE_X=32 -DNDEBUG -I/usr/local/cuda/include -D_CHECK_ -c -ccbin gcc -arch sm_35 -O3 --ptxas-options=-v -DGPU_KERNEL=2 -o dmm_gpu.o dmm_gpu.cu
/usr/local/cuda/bin/nvcc -D__FLOAT_VALUES -DEPS=1e-5 -I../common -DTHREAD_BLOCK_X=32 -DTHREAD_BLOCK_Y=32 -DTILE_X=32 -DNDEBUG -I/usr/local/cuda/include -D_CHECK_ -c -ccbin gcc -arch sm_35 -O3 --ptxas-options=-v -DGPU_KERNEL=2 -o dmm_main.o dmm_main.cu
/usr/local/cuda/bin/nvcc -D__FLOAT_VALUES -DEPS=1e-5 -I../common -DTHREAD_BLOCK_X=32 -DTHREAD_BLOCK_Y=32 -DTILE_X=32 -DNDEBUG -I/usr/local/cuda/include -D_CHECK_ -c -ccbin gcc -arch sm_35 -O3 --ptxas-options=-v -DGPU_KERNEL=2 -o gpu_util.o gpu_util.cu
cc -D__FLOAT_VALUES -DEPS=1e-5 -I../common -DTHREAD_BLOCK_X=32 -DTHREAD_BLOCK_Y=32 -DTILE_X=32 -DNDEBUG -c -Wall -std=gnu99 -O3 -o mat_util.o mat_util.c
/usr/local/cuda/bin/nvcc -o dmm_main -L../common  ../common/alloc.o  ../common/error.o dmm.o dmm_gpu.o dmm_main.o gpu_util.o mat_util.o -L/usr/local/cuda/lib64 -lcudart -lcublas -lm
Dimension M: 256
Adjusted dimension M: 256
Dimension N: 256
Adjusted dimension N: 256
Dimension K: 256
Adjusted dimension K: 256
>>>> Begin of record <<<<
Block dimensions: 32x32
Grid dimensions : 8x8
GPU kernel version: reduced_global
Checking ... PASSED!
Elapsed time: 12.217024 ms
Performance:  274.653078 Gflop/s
>>>> End of record <<<<
Dimension M: 256
Adjusted dimension M: 256
Dimension N: 256
Adjusted dimension N: 256
Dimension K: 512
Adjusted dimension K: 512
>>>> Begin of record <<<<
Block dimensions: 32x32
Grid dimensions : 8x8
GPU kernel version: reduced_global
Checking ... PASSED!
Elapsed time: 24.237984 ms
Performance:  276.874780 Gflop/s
>>>> End of record <<<<
Dimension M: 256
Adjusted dimension M: 256
Dimension N: 256
Adjusted dimension N: 256
Dimension K: 1024
Adjusted dimension K: 1024
>>>> Begin of record <<<<
Block dimensions: 32x32
Grid dimensions : 8x8
GPU kernel version: reduced_global
Checking ... FAILED!
Elapsed time: 48.174400 ms
Performance:  278.607989 Gflop/s
>>>> End of record <<<<
Dimension M: 256
Adjusted dimension M: 256
Dimension N: 256
Adjusted dimension N: 256
Dimension K: 2048
Adjusted dimension K: 2048
>>>> Begin of record <<<<
Block dimensions: 32x32
Grid dimensions : 8x8
GPU kernel version: reduced_global
Checking ... FAILED!
Elapsed time: 96.806625 ms
Performance:  277.290377 Gflop/s
>>>> End of record <<<<
Dimension M: 256
Adjusted dimension M: 256
Dimension N: 512
Adjusted dimension N: 512
Dimension K: 256
Adjusted dimension K: 256
>>>> Begin of record <<<<
Block dimensions: 32x32
Grid dimensions : 16x8
GPU kernel version: reduced_global
Checking ... PASSED!
Elapsed time: 21.596128 ms
Performance:  310.744882 Gflop/s
>>>> End of record <<<<
Dimension M: 256
Adjusted dimension M: 256
Dimension N: 512
Adjusted dimension N: 512
Dimension K: 512
Adjusted dimension K: 512
>>>> Begin of record <<<<
Block dimensions: 32x32
Grid dimensions : 16x8
GPU kernel version: reduced_global
Checking ... FAILED!
Elapsed time: 44.524864 ms
Performance:  301.444441 Gflop/s
>>>> End of record <<<<
Dimension M: 256
Adjusted dimension M: 256
Dimension N: 512
Adjusted dimension N: 512
Dimension K: 1024
Adjusted dimension K: 1024
>>>> Begin of record <<<<
Block dimensions: 32x32
Grid dimensions : 16x8
GPU kernel version: reduced_global
Checking ... FAILED!
Elapsed time: 88.214371 ms
Performance:  304.299009 Gflop/s
>>>> End of record <<<<
Dimension M: 256
Adjusted dimension M: 256
Dimension N: 512
Adjusted dimension N: 512
Dimension K: 2048
Adjusted dimension K: 2048
>>>> Begin of record <<<<
Block dimensions: 32x32
Grid dimensions : 16x8
GPU kernel version: reduced_global
Checking ... FAILED!
Elapsed time: 177.711288 ms
Performance:  302.102875 Gflop/s
>>>> End of record <<<<
Dimension M: 256
Adjusted dimension M: 256
Dimension N: 1024
Adjusted dimension N: 1024
Dimension K: 256
Adjusted dimension K: 256
>>>> Begin of record <<<<
Block dimensions: 32x32
Grid dimensions : 32x8
GPU kernel version: reduced_global
Checking ... PASSED!
Elapsed time: 41.765953 ms
Performance:  321.356795 Gflop/s
>>>> End of record <<<<
Dimension M: 256
Adjusted dimension M: 256
Dimension N: 1024
Adjusted dimension N: 1024
Dimension K: 512
Adjusted dimension K: 512
>>>> Begin of record <<<<
Block dimensions: 32x32
Grid dimensions : 32x8
GPU kernel version: reduced_global
Checking ... PASSED!
Elapsed time: 83.742722 ms
Performance:  320.547805 Gflop/s
>>>> End of record <<<<
Dimension M: 256
Adjusted dimension M: 256
Dimension N: 1024
Adjusted dimension N: 1024
Dimension K: 1024
Adjusted dimension K: 1024
>>>> Begin of record <<<<
Block dimensions: 32x32
Grid dimensions : 32x8
GPU kernel version: reduced_global
Checking ... FAILED!
Elapsed time: 166.148102 ms
Performance:  323.127924 Gflop/s
>>>> End of record <<<<
Dimension M: 256
Adjusted dimension M: 256
Dimension N: 1024
Adjusted dimension N: 1024
Dimension K: 2048
Adjusted dimension K: 2048
>>>> Begin of record <<<<
Block dimensions: 32x32
Grid dimensions : 32x8
GPU kernel version: reduced_global
Checking ... FAILED!
Elapsed time: 330.832581 ms
Performance:  324.557461 Gflop/s
>>>> End of record <<<<
Dimension M: 256
Adjusted dimension M: 256
Dimension N: 2048
Adjusted dimension N: 2048
Dimension K: 256
Adjusted dimension K: 256
>>>> Begin of record <<<<
Block dimensions: 32x32
Grid dimensions : 64x8
GPU kernel version: reduced_global
Checking ... PASSED!
Elapsed time: 82.323425 ms
Performance:  326.074207 Gflop/s
>>>> End of record <<<<
Dimension M: 256
Adjusted dimension M: 256
Dimension N: 2048
Adjusted dimension N: 2048
Dimension K: 512
Adjusted dimension K: 512
>>>> Begin of record <<<<
Block dimensions: 32x32
Grid dimensions : 64x8
GPU kernel version: reduced_global
Checking ... FAILED!
Elapsed time: 164.205887 ms
Performance:  326.949857 Gflop/s
>>>> End of record <<<<
Dimension M: 256
Adjusted dimension M: 256
Dimension N: 2048
Adjusted dimension N: 2048
Dimension K: 1024
Adjusted dimension K: 1024
>>>> Begin of record <<<<
Block dimensions: 32x32
Grid dimensions : 64x8
GPU kernel version: reduced_global
Checking ... FAILED!
Elapsed time: 324.104584 ms
Performance:  331.294859 Gflop/s
>>>> End of record <<<<
Dimension M: 256
Adjusted dimension M: 256
Dimension N: 2048
Adjusted dimension N: 2048
Dimension K: 2048
Adjusted dimension K: 2048
>>>> Begin of record <<<<
Block dimensions: 32x32
Grid dimensions : 64x8
GPU kernel version: reduced_global
Checking ... FAILED!
Elapsed time: 646.414001 ms
Performance:  332.214903 Gflop/s
>>>> End of record <<<<
Dimension M: 512
Adjusted dimension M: 512
Dimension N: 256
Adjusted dimension N: 256
Dimension K: 256
Adjusted dimension K: 256
>>>> Begin of record <<<<
Block dimensions: 32x32
Grid dimensions : 8x16
GPU kernel version: reduced_global
Checking ... PASSED!
Elapsed time: 21.587135 ms
Performance:  310.874338 Gflop/s
>>>> End of record <<<<
Dimension M: 512
Adjusted dimension M: 512
Dimension N: 256
Adjusted dimension N: 256
Dimension K: 512
Adjusted dimension K: 512
>>>> Begin of record <<<<
Block dimensions: 32x32
Grid dimensions : 8x16
GPU kernel version: reduced_global
Checking ... FAILED!
Elapsed time: 45.198719 ms
Performance:  296.950292 Gflop/s
>>>> End of record <<<<
Dimension M: 512
Adjusted dimension M: 512
Dimension N: 256
Adjusted dimension N: 256
Dimension K: 1024
Adjusted dimension K: 1024
>>>> Begin of record <<<<
Block dimensions: 32x32
Grid dimensions : 8x16
GPU kernel version: reduced_global
Checking ... FAILED!
Elapsed time: 88.929794 ms
Performance:  301.850980 Gflop/s
>>>> End of record <<<<
Dimension M: 512
Adjusted dimension M: 512
Dimension N: 256
Adjusted dimension N: 256
Dimension K: 2048
Adjusted dimension K: 2048
>>>> Begin of record <<<<
Block dimensions: 32x32
Grid dimensions : 8x16
GPU kernel version: reduced_global
Checking ... FAILED!
Elapsed time: 176.873306 ms
Performance:  303.534164 Gflop/s
>>>> End of record <<<<
Dimension M: 512
Adjusted dimension M: 512
Dimension N: 512
Adjusted dimension N: 512
Dimension K: 256
Adjusted dimension K: 256
>>>> Begin of record <<<<
Block dimensions: 32x32
Grid dimensions : 16x16
GPU kernel version: reduced_global
Checking ... PASSED!
Elapsed time: 41.843681 ms
Performance:  320.759846 Gflop/s
>>>> End of record <<<<
Dimension M: 512
Adjusted dimension M: 512
Dimension N: 512
Adjusted dimension N: 512
Dimension K: 512
Adjusted dimension K: 512
>>>> Begin of record <<<<
Block dimensions: 32x32
Grid dimensions : 16x16
GPU kernel version: reduced_global
Checking ... FAILED!
Elapsed time: 82.323105 ms
Performance:  326.075476 Gflop/s
>>>> End of record <<<<
Dimension M: 512
Adjusted dimension M: 512
Dimension N: 512
Adjusted dimension N: 512
Dimension K: 1024
Adjusted dimension K: 1024
>>>> Begin of record <<<<
Block dimensions: 32x32
Grid dimensions : 16x16
GPU kernel version: reduced_global
Checking ... FAILED!
Elapsed time: 165.198715 ms
Performance:  324.984920 Gflop/s
>>>> End of record <<<<
Dimension M: 512
Adjusted dimension M: 512
Dimension N: 512
Adjusted dimension N: 512
Dimension K: 2048
Adjusted dimension K: 2048
>>>> Begin of record <<<<
Block dimensions: 32x32
Grid dimensions : 16x16
GPU kernel version: reduced_global
Checking ... FAILED!
Elapsed time: 329.544952 ms
Performance:  325.825602 Gflop/s
>>>> End of record <<<<
Dimension M: 512
Adjusted dimension M: 512
Dimension N: 1024
Adjusted dimension N: 1024
Dimension K: 256
Adjusted dimension K: 256
>>>> Begin of record <<<<
Block dimensions: 32x32
Grid dimensions : 32x16
GPU kernel version: reduced_global
Checking ... PASSED!
Elapsed time: 80.846848 ms
Performance:  332.029590 Gflop/s
>>>> End of record <<<<
Dimension M: 512
Adjusted dimension M: 512
Dimension N: 1024
Adjusted dimension N: 1024
Dimension K: 512
Adjusted dimension K: 512
>>>> Begin of record <<<<
Block dimensions: 32x32
Grid dimensions : 32x16
GPU kernel version: reduced_global
Checking ... FAILED!
Elapsed time: 163.679550 ms
Performance:  328.001214 Gflop/s
>>>> End of record <<<<
Dimension M: 512
Adjusted dimension M: 512
Dimension N: 1024
Adjusted dimension N: 1024
Dimension K: 1024
Adjusted dimension K: 1024
>>>> Begin of record <<<<
Block dimensions: 32x32
Grid dimensions : 32x16
GPU kernel version: reduced_global
Checking ... FAILED!
Elapsed time: 324.097809 ms
Performance:  331.301784 Gflop/s
>>>> End of record <<<<
Dimension M: 512
Adjusted dimension M: 512
Dimension N: 1024
Adjusted dimension N: 1024
Dimension K: 2048
Adjusted dimension K: 2048
>>>> Begin of record <<<<
Block dimensions: 32x32
Grid dimensions : 32x16
GPU kernel version: reduced_global
Checking ... FAILED!
Elapsed time: 646.565369 ms
Performance:  332.137128 Gflop/s
>>>> End of record <<<<
Dimension M: 512
Adjusted dimension M: 512
Dimension N: 2048
Adjusted dimension N: 2048
Dimension K: 256
Adjusted dimension K: 256
>>>> Begin of record <<<<
Block dimensions: 32x32
Grid dimensions : 64x16
GPU kernel version: reduced_global
Checking ... PASSED!
Elapsed time: 161.849319 ms
Performance:  331.710330 Gflop/s
>>>> End of record <<<<
Dimension M: 512
Adjusted dimension M: 512
Dimension N: 2048
Adjusted dimension N: 2048
Dimension K: 512
Adjusted dimension K: 512
>>>> Begin of record <<<<
Block dimensions: 32x32
Grid dimensions : 64x16
GPU kernel version: reduced_global
Checking ... FAILED!
Elapsed time: 322.657837 ms
Performance:  332.780333 Gflop/s
>>>> End of record <<<<
Dimension M: 512
Adjusted dimension M: 512
Dimension N: 2048
Adjusted dimension N: 2048
Dimension K: 1024
Adjusted dimension K: 1024
>>>> Begin of record <<<<
Block dimensions: 32x32
Grid dimensions : 64x16
GPU kernel version: reduced_global
Checking ... FAILED!
Elapsed time: 637.385986 ms
Performance:  336.920437 Gflop/s
>>>> End of record <<<<
Dimension M: 512
Adjusted dimension M: 512
Dimension N: 2048
Adjusted dimension N: 2048
Dimension K: 2048
Adjusted dimension K: 2048
>>>> Begin of record <<<<
Block dimensions: 32x32
Grid dimensions : 64x16
GPU kernel version: reduced_global
Checking ... FAILED!
Elapsed time: 1273.634521 ms
Performance:  337.221332 Gflop/s
>>>> End of record <<<<
Dimension M: 1024
Adjusted dimension M: 1024
Dimension N: 256
Adjusted dimension N: 256
Dimension K: 256
Adjusted dimension K: 256
>>>> Begin of record <<<<
Block dimensions: 32x32
Grid dimensions : 8x32
GPU kernel version: reduced_global
Checking ... PASSED!
Elapsed time: 41.855839 ms
Performance:  320.666679 Gflop/s
>>>> End of record <<<<
Dimension M: 1024
Adjusted dimension M: 1024
Dimension N: 256
Adjusted dimension N: 256
Dimension K: 512
Adjusted dimension K: 512
>>>> Begin of record <<<<
Block dimensions: 32x32
Grid dimensions : 8x32
GPU kernel version: reduced_global
Checking ... PASSED!
Elapsed time: 82.431358 ms
Performance:  325.647255 Gflop/s
>>>> End of record <<<<
Dimension M: 1024
Adjusted dimension M: 1024
Dimension N: 256
Adjusted dimension N: 256
Dimension K: 1024
Adjusted dimension K: 1024
>>>> Begin of record <<<<
Block dimensions: 32x32
Grid dimensions : 8x32
GPU kernel version: reduced_global
Checking ... FAILED!
Elapsed time: 164.279877 ms
Performance:  326.802602 Gflop/s
>>>> End of record <<<<
Dimension M: 1024
Adjusted dimension M: 1024
Dimension N: 256
Adjusted dimension N: 256
Dimension K: 2048
Adjusted dimension K: 2048
>>>> Begin of record <<<<
Block dimensions: 32x32
Grid dimensions : 8x32
GPU kernel version: reduced_global
Checking ... FAILED!
Elapsed time: 327.828552 ms
Performance:  327.531515 Gflop/s
>>>> End of record <<<<
Dimension M: 1024
Adjusted dimension M: 1024
Dimension N: 512
Adjusted dimension N: 512
Dimension K: 256
Adjusted dimension K: 256
>>>> Begin of record <<<<
Block dimensions: 32x32
Grid dimensions : 16x32
GPU kernel version: reduced_global
Checking ... PASSED!
Elapsed time: 80.918755 ms
Performance:  331.734537 Gflop/s
>>>> End of record <<<<
Dimension M: 1024
Adjusted dimension M: 1024
Dimension N: 512
Adjusted dimension N: 512
Dimension K: 512
Adjusted dimension K: 512
>>>> Begin of record <<<<
Block dimensions: 32x32
Grid dimensions : 16x32
GPU kernel version: reduced_global
Checking ... FAILED!
Elapsed time: 161.417923 ms
Performance:  332.596841 Gflop/s
>>>> End of record <<<<
Dimension M: 1024
Adjusted dimension M: 1024
Dimension N: 512
Adjusted dimension N: 512
Dimension K: 1024
Adjusted dimension K: 1024
>>>> Begin of record <<<<
Block dimensions: 32x32
Grid dimensions : 16x32
GPU kernel version: reduced_global
Checking ... FAILED!
Elapsed time: 322.515381 ms
Performance:  332.927323 Gflop/s
>>>> End of record <<<<
Dimension M: 1024
Adjusted dimension M: 1024
Dimension N: 512
Adjusted dimension N: 512
Dimension K: 2048
Adjusted dimension K: 2048
>>>> Begin of record <<<<
Block dimensions: 32x32
Grid dimensions : 16x32
GPU kernel version: reduced_global
Checking ... FAILED!
Elapsed time: 644.359680 ms
Performance:  333.274057 Gflop/s
>>>> End of record <<<<
Dimension M: 1024
Adjusted dimension M: 1024
Dimension N: 1024
Adjusted dimension N: 1024
Dimension K: 256
Adjusted dimension K: 256
>>>> Begin of record <<<<
Block dimensions: 32x32
Grid dimensions : 32x32
GPU kernel version: reduced_global
Checking ... PASSED!
Elapsed time: 159.016830 ms
Performance:  337.618924 Gflop/s
>>>> End of record <<<<
Dimension M: 1024
Adjusted dimension M: 1024
Dimension N: 1024
Adjusted dimension N: 1024
Dimension K: 512
Adjusted dimension K: 512
>>>> Begin of record <<<<
Block dimensions: 32x32
Grid dimensions : 32x32
GPU kernel version: reduced_global
Checking ... FAILED!
Elapsed time: 322.370636 ms
Performance:  333.076808 Gflop/s
>>>> End of record <<<<
Dimension M: 1024
Adjusted dimension M: 1024
Dimension N: 1024
Adjusted dimension N: 1024
Dimension K: 1024
Adjusted dimension K: 1024
>>>> Begin of record <<<<
Block dimensions: 32x32
Grid dimensions : 32x32
GPU kernel version: reduced_global
Checking ... FAILED!
Elapsed time: 638.899719 ms
Performance:  336.122177 Gflop/s
>>>> End of record <<<<
Dimension M: 1024
Adjusted dimension M: 1024
Dimension N: 1024
Adjusted dimension N: 1024
Dimension K: 2048
Adjusted dimension K: 2048
>>>> Begin of record <<<<
Block dimensions: 32x32
Grid dimensions : 32x32
GPU kernel version: reduced_global
Checking ... FAILED!
Elapsed time: 1274.197510 ms
Performance:  337.072335 Gflop/s
>>>> End of record <<<<
Dimension M: 1024
Adjusted dimension M: 1024
Dimension N: 2048
Adjusted dimension N: 2048
Dimension K: 256
Adjusted dimension K: 256
>>>> Begin of record <<<<
Block dimensions: 32x32
Grid dimensions : 64x32
GPU kernel version: reduced_global
Checking ... PASSED!
Elapsed time: 321.859009 ms
Performance:  333.606267 Gflop/s
>>>> End of record <<<<
Dimension M: 1024
Adjusted dimension M: 1024
Dimension N: 2048
Adjusted dimension N: 2048
Dimension K: 512
Adjusted dimension K: 512
>>>> Begin of record <<<<
Block dimensions: 32x32
Grid dimensions : 64x32
GPU kernel version: reduced_global
Checking ... FAILED!
Elapsed time: 638.093262 ms
Performance:  336.546987 Gflop/s
>>>> End of record <<<<
Dimension M: 1024
Adjusted dimension M: 1024
Dimension N: 2048
Adjusted dimension N: 2048
Dimension K: 1024
Adjusted dimension K: 1024
>>>> Begin of record <<<<
Block dimensions: 32x32
Grid dimensions : 64x32
GPU kernel version: reduced_global
Checking ... FAILED!
Elapsed time: 1266.743530 ms
Performance:  339.055791 Gflop/s
>>>> End of record <<<<
Dimension M: 1024
Adjusted dimension M: 1024
Dimension N: 2048
Adjusted dimension N: 2048
Dimension K: 2048
Adjusted dimension K: 2048
>>>> Begin of record <<<<
Block dimensions: 32x32
Grid dimensions : 64x32
GPU kernel version: reduced_global
Checking ... FAILED!
Elapsed time: 2528.370850 ms
Performance:  339.741877 Gflop/s
>>>> End of record <<<<
Dimension M: 2048
Adjusted dimension M: 2048
Dimension N: 256
Adjusted dimension N: 256
Dimension K: 256
Adjusted dimension K: 256
>>>> Begin of record <<<<
Block dimensions: 32x32
Grid dimensions : 8x64
GPU kernel version: reduced_global
Checking ... PASSED!
Elapsed time: 81.013954 ms
Performance:  331.344716 Gflop/s
>>>> End of record <<<<
Dimension M: 2048
Adjusted dimension M: 2048
Dimension N: 256
Adjusted dimension N: 256
Dimension K: 512
Adjusted dimension K: 512
>>>> Begin of record <<<<
Block dimensions: 32x32
Grid dimensions : 8x64
GPU kernel version: reduced_global
Checking ... FAILED!
Elapsed time: 161.293945 ms
Performance:  332.852489 Gflop/s
>>>> End of record <<<<
Dimension M: 2048
Adjusted dimension M: 2048
Dimension N: 256
Adjusted dimension N: 256
Dimension K: 1024
Adjusted dimension K: 1024
>>>> Begin of record <<<<
Block dimensions: 32x32
Grid dimensions : 8x64
GPU kernel version: reduced_global
Checking ... FAILED!
Elapsed time: 320.465302 ms
Performance:  335.057124 Gflop/s
>>>> End of record <<<<
Dimension M: 2048
Adjusted dimension M: 2048
Dimension N: 256
Adjusted dimension N: 256
Dimension K: 2048
Adjusted dimension K: 2048
>>>> Begin of record <<<<
Block dimensions: 32x32
Grid dimensions : 8x64
GPU kernel version: reduced_global
Checking ... FAILED!
Elapsed time: 641.124817 ms
Performance:  334.955627 Gflop/s
>>>> End of record <<<<
Dimension M: 2048
Adjusted dimension M: 2048
Dimension N: 512
Adjusted dimension N: 512
Dimension K: 256
Adjusted dimension K: 256
>>>> Begin of record <<<<
Block dimensions: 32x32
Grid dimensions : 16x64
GPU kernel version: reduced_global
Checking ... PASSED!
Elapsed time: 159.170013 ms
Performance:  337.294004 Gflop/s
>>>> End of record <<<<
Dimension M: 2048
Adjusted dimension M: 2048
Dimension N: 512
Adjusted dimension N: 512
Dimension K: 512
Adjusted dimension K: 512
>>>> Begin of record <<<<
Block dimensions: 32x32
Grid dimensions : 16x64
GPU kernel version: reduced_global
Checking ... FAILED!
Elapsed time: 316.875977 ms
Performance:  338.852391 Gflop/s
>>>> End of record <<<<
Dimension M: 2048
Adjusted dimension M: 2048
Dimension N: 512
Adjusted dimension N: 512
Dimension K: 1024
Adjusted dimension K: 1024
>>>> Begin of record <<<<
Block dimensions: 32x32
Grid dimensions : 16x64
GPU kernel version: reduced_global
Checking ... FAILED!
Elapsed time: 636.013977 ms
Performance:  337.647241 Gflop/s
>>>> End of record <<<<
Dimension M: 2048
Adjusted dimension M: 2048
Dimension N: 512
Adjusted dimension N: 512
Dimension K: 2048
Adjusted dimension K: 2048
>>>> Begin of record <<<<
Block dimensions: 32x32
Grid dimensions : 16x64
GPU kernel version: reduced_global
Checking ... FAILED!
Elapsed time: 1268.832275 ms
Performance:  338.497639 Gflop/s
>>>> End of record <<<<
Dimension M: 2048
Adjusted dimension M: 2048
Dimension N: 1024
Adjusted dimension N: 1024
Dimension K: 256
Adjusted dimension K: 256
>>>> Begin of record <<<<
Block dimensions: 32x32
Grid dimensions : 32x64
GPU kernel version: reduced_global
Checking ... PASSED!
Elapsed time: 315.667328 ms
Performance:  340.149813 Gflop/s
>>>> End of record <<<<
Dimension M: 2048
Adjusted dimension M: 2048
Dimension N: 1024
Adjusted dimension N: 1024
Dimension K: 512
Adjusted dimension K: 512
>>>> Begin of record <<<<
Block dimensions: 32x32
Grid dimensions : 32x64
GPU kernel version: reduced_global
Checking ... FAILED!
Elapsed time: 637.954590 ms
Performance:  336.620142 Gflop/s
>>>> End of record <<<<
Dimension M: 2048
Adjusted dimension M: 2048
Dimension N: 1024
Adjusted dimension N: 1024
Dimension K: 1024
Adjusted dimension K: 1024
>>>> Begin of record <<<<
Block dimensions: 32x32
Grid dimensions : 32x64
GPU kernel version: reduced_global
Checking ... FAILED!
Elapsed time: 1267.025146 ms
Performance:  338.980430 Gflop/s
>>>> End of record <<<<
Dimension M: 2048
Adjusted dimension M: 2048
Dimension N: 1024
Adjusted dimension N: 1024
Dimension K: 2048
Adjusted dimension K: 2048
>>>> Begin of record <<<<
Block dimensions: 32x32
Grid dimensions : 32x64
GPU kernel version: reduced_global
Checking ... FAILED!
Elapsed time: 2527.650391 ms
Performance:  339.838714 Gflop/s
>>>> End of record <<<<
Dimension M: 2048
Adjusted dimension M: 2048
Dimension N: 2048
Adjusted dimension N: 2048
Dimension K: 256
Adjusted dimension K: 256
>>>> Begin of record <<<<
Block dimensions: 32x32
Grid dimensions : 64x64
GPU kernel version: reduced_global
Checking ... FAILED!
Elapsed time: 641.707886 ms
Performance:  334.651279 Gflop/s
>>>> End of record <<<<
Dimension M: 2048
Adjusted dimension M: 2048
Dimension N: 2048
Adjusted dimension N: 2048
Dimension K: 512
Adjusted dimension K: 512
>>>> Begin of record <<<<
Block dimensions: 32x32
Grid dimensions : 64x64
GPU kernel version: reduced_global
Checking ... FAILED!
Elapsed time: 1272.985596 ms
Performance:  337.393236 Gflop/s
>>>> End of record <<<<
Dimension M: 2048
Adjusted dimension M: 2048
Dimension N: 2048
Adjusted dimension N: 2048
Dimension K: 1024
Adjusted dimension K: 1024
>>>> Begin of record <<<<
Block dimensions: 32x32
Grid dimensions : 64x64
GPU kernel version: reduced_global
Checking ... FAILED!
Elapsed time: 2527.148682 ms
Performance:  339.906182 Gflop/s
>>>> End of record <<<<
Dimension M: 2048
Adjusted dimension M: 2048
Dimension N: 2048
Adjusted dimension N: 2048
Dimension K: 2048
Adjusted dimension K: 2048
>>>> Begin of record <<<<
Block dimensions: 32x32
Grid dimensions : 64x64
GPU kernel version: reduced_global
Checking ... FAILED!
Elapsed time: 5045.000977 ms
Performance:  340.532524 Gflop/s
>>>> End of record <<<<
Benchmark ended on Wed Mar  4 22:20:51 EET 2020 in dungani
