Run: 1
MT_CONF=0
Nthreads: 1  Runtime(sec): 10  Throughput(Mops/sec): 301.50
MT_CONF=0,1
Nthreads: 2  Runtime(sec): 10  Throughput(Mops/sec): 219.13
MT_CONF=0,1,2,3
Nthreads: 4  Runtime(sec): 10  Throughput(Mops/sec): 295.30
MT_CONF=0,1,2,3,4,5,6,7
Nthreads: 8  Runtime(sec): 10  Throughput(Mops/sec): 216.61
MT_CONF=0,1,2,3,4,5,6,7,32,33,34,35,36,37,38,39
Nthreads: 16  Runtime(sec): 10  Throughput(Mops/sec): 248.09
MT_CONF=0,1,2,3,4,5,6,7,8,9,10,11,12,13,14,15,32,33,34,35,36,37,38,39,40,41,42,43,44,45,46,47
Nthreads: 32  Runtime(sec): 10  Throughput(Mops/sec): 147.36
MT_CONF=0,1,2,3,4,5,6,7,8,9,10,11,12,13,14,15,16,17,18,19,20,21,22,23,24,25,26,27,28,29,30,31,32,33,34,35,36,37,38,39,40,41,42,43,44,45,46,47,48,49,50,51,52,53,54,55,56,57,58,59,60,61,62,63
Nthreads: 64  Runtime(sec): 10  Throughput(Mops/sec): 146.14
Run: 2
MT_CONF=0
Nthreads: 1  Runtime(sec): 10  Throughput(Mops/sec): 301.30
MT_CONF=0,8
Nthreads: 2  Runtime(sec): 10  Throughput(Mops/sec): 83.59
MT_CONF=0,8,16,24
Nthreads: 4  Runtime(sec): 10  Throughput(Mops/sec): 97.17
MT_CONF=0,1,8,9,16,17,24,25
Nthreads: 8  Runtime(sec): 10  Throughput(Mops/sec): 109.74
MT_CONF=0,1,2,3,8,9,10,11,16,17,18,19,24,25,26,27
Nthreads: 16  Runtime(sec): 10  Throughput(Mops/sec): 136.52
MT_CONF=0,1,2,3,4,5,6,7,8,9,10,11,12,13,14,15,16,17,18,19,20,21,22,23,24,25,26,27,28,29,30,31
Nthreads: 32  Runtime(sec): 10  Throughput(Mops/sec): 143.24
MT_CONF=0,1,2,3,4,5,6,7,8,9,10,11,12,13,14,15,16,17,18,19,20,21,22,23,24,25,26,27,28,29,30,31,32,33,34,35,36,37,38,39,40,41,42,43,44,45,46,47,48,49,50,51,52,53,54,55,56,57,58,59,60,61,62,63
Nthreads: 64  Runtime(sec): 10  Throughput(Mops/sec): 148.39
